<?xml version="1.0" encoding="UTF-8"?>
<!-- Generated by org.testng.reporters.JUnitXMLReporter -->
<testsuite hostname="Oli-PC" name="Command line test" tests="7" failures="0" timestamp="23 Jan 2016 15:00:27 GMT" time="1.47" errors="0">
  <testcase name="testEquals" time="0.771" classname="de.treichels.wea.bat64.xml.MarshallerUnmarshallerTest"/>
  <testcase name="testEquals" time="0.145" classname="de.treichels.wea.bat64.xml.MarshallerUnmarshallerTest"/>
  <testcase name="testEquals" time="0.239" classname="de.treichels.wea.bat64.xml.MarshallerUnmarshallerTest"/>
  <testcase name="testEquals" time="0.099" classname="de.treichels.wea.bat64.xml.MarshallerUnmarshallerTest"/>
  <testcase name="testEquals" time="0.08" classname="de.treichels.wea.bat64.xml.MarshallerUnmarshallerTest"/>
  <testcase name="testEquals" time="0.075" classname="de.treichels.wea.bat64.xml.MarshallerUnmarshallerTest"/>
  <testcase name="testEquals" time="0.052" classname="de.treichels.wea.bat64.xml.MarshallerUnmarshallerTest"/>
</testsuite> <!-- Command line test -->
